<?xml version="1.0" encoding="UTF-8"?>
<testsuite xmlns:xsi="http://www.w3.org/2001/XMLSchema-instance" xsi:noNamespaceSchemaLocation="https://maven.apache.org/surefire/maven-surefire-plugin/xsd/surefire-test-report.xsd" version="3.0.2" name="com.packt.cardatabase.OwnerRepositoryTest" time="0.453" tests="2" errors="0" skipped="0" failures="0">
  <properties>
[...]
</properties>
  <testcase name="deleteOwner" classname="com.packt.cardatabase.OwnerRepositoryTest" time="0.239">
    <system-out><![CDATA[2025-08-29T17:46:06.728-04:00  INFO 17492 --- [           main] t.c.s.AnnotationConfigContextLoaderUtils : Could not detect default configuration classes for test class [com.packt.cardatabase.OwnerRepositoryTest]: OwnerRepositoryTest does not declare any static, non-private, non-final, nested classes annotated with @Configuration.
2025-08-29T17:46:06.738-04:00  INFO 17492 --- [           main] .b.t.c.SpringBootTestContextBootstrapper : Found @SpringBootConfiguration com.packt.cardatabase.CardatabaseApplication for test class com.packt.cardatabase.OwnerRepositoryTest
2025-08-29T17:46:06.741-04:00  INFO 17492 --- [           main] o.s.b.d.r.RestartApplicationListener     : Restart disabled due to context in which it is running

  .   ____          _            __ _ _
 /\\ / ___'_ __ _ _(_)_ __  __ _ \ \ \ \
( ( )\___ | '_ | '_| | '_ \/ _` | \ \ \ \
 \\/  ___)| |_)| | | | | || (_| |  ) ) ) )
  '  |____| .__|_| |_|_| |_\__, | / / / /
 =========|_|==============|___/=/_/_/_/

 :: Spring Boot ::                (v3.5.5)

2025-08-29T17:46:06.754-04:00  INFO 17492 --- [           main] c.packt.cardatabase.OwnerRepositoryTest  : Starting OwnerRepositoryTest using Java 21.0.4 with PID 17492 (started by Kevin in C:\Users\Kevin\Desktop\PacktProject\cardatabase)
2025-08-29T17:46:06.754-04:00  INFO 17492 --- [           main] c.packt.cardatabase.OwnerRepositoryTest  : No active profile set, falling back to 1 default profile: "default"
2025-08-29T17:46:06.802-04:00  INFO 17492 --- [           main] .s.d.r.c.RepositoryConfigurationDelegate : Bootstrapping Spring Data JPA repositories in DEFAULT mode.
2025-08-29T17:46:06.813-04:00  INFO 17492 --- [           main] .s.d.r.c.RepositoryConfigurationDelegate : Finished Spring Data repository scanning in 9 ms. Found 3 JPA repository interfaces.
2025-08-29T17:46:06.821-04:00  INFO 17492 --- [           main] beddedDataSourceBeanFactoryPostProcessor : Replacing 'dataSource' DataSource bean with embedded version
2025-08-29T17:46:06.831-04:00  INFO 17492 --- [           main] o.s.j.d.e.EmbeddedDatabaseFactory        : Starting embedded database: url='jdbc:h2:mem:2c804fa3-ee44-42cc-afa4-94d54ba91467;DB_CLOSE_DELAY=-1;DB_CLOSE_ON_EXIT=false', username='sa'
2025-08-29T17:46:06.846-04:00  INFO 17492 --- [           main] o.hibernate.jpa.internal.util.LogHelper  : HHH000204: Processing PersistenceUnitInfo [name: default]
2025-08-29T17:46:06.849-04:00  INFO 17492 --- [           main] o.h.c.internal.RegionFactoryInitiator    : HHH000026: Second-level cache disabled
2025-08-29T17:46:06.856-04:00  INFO 17492 --- [           main] o.s.o.j.p.SpringPersistenceUnitInfo      : No LoadTimeWeaver setup: ignoring JPA class transformer
2025-08-29T17:46:06.858-04:00  INFO 17492 --- [           main] org.hibernate.orm.connections.pooling    : HHH10001005: Database info:
	Database JDBC URL [Connecting through datasource 'org.springframework.jdbc.datasource.embedded.EmbeddedDatabaseFactory$EmbeddedDataSourceProxy@4bbddcc8']
	Database driver: undefined/unknown
	Database version: 2.3.232
	Autocommit mode: undefined/unknown
	Isolation level: undefined/unknown
	Minimum pool size: undefined/unknown
	Maximum pool size: undefined/unknown
Hibernate: create global temporary table HTE_car(model_year integer, price integer, rn_ integer not null, id bigint, owner bigint, brand varchar(255), color varchar(255), model varchar(255), registration_number varchar(255), primary key (rn_)) TRANSACTIONAL
Hibernate: create global temporary table HTE_owner(rn_ integer not null, owner_id bigint, first_name varchar(255), last_name varchar(255), primary key (rn_)) TRANSACTIONAL
Hibernate: create global temporary table HTE_app_user(rn_ integer not null, id bigint, password varchar(255), role varchar(255), username varchar(255), primary key (rn_)) TRANSACTIONAL
2025-08-29T17:46:06.890-04:00  INFO 17492 --- [           main] o.h.e.t.j.p.i.JtaPlatformInitiator       : HHH000489: No JTA platform available (set 'hibernate.transaction.jta.platform' to enable JTA platform integration)
Hibernate: drop table if exists app_user cascade 
Hibernate: drop table if exists car cascade 
Hibernate: drop table if exists owner cascade 
Hibernate: drop sequence if exists app_user_seq
Hibernate: drop sequence if exists car_seq
Hibernate: drop sequence if exists owner_seq
Hibernate: create sequence app_user_seq start with 1 increment by 50
Hibernate: create sequence car_seq start with 1 increment by 50
Hibernate: create sequence owner_seq start with 1 increment by 50
Hibernate: create table app_user (id bigint not null, password varchar(255) not null, role varchar(255) not null, username varchar(255) not null unique, primary key (id))
Hibernate: create table car (model_year integer not null, price integer not null, id bigint not null, owner bigint, brand varchar(255), color varchar(255), model varchar(255), registration_number varchar(255), primary key (id))
Hibernate: create table owner (owner_id bigint not null, first_name varchar(255), last_name varchar(255), primary key (owner_id))
Hibernate: alter table if exists car add constraint FK2mqqwvxtowv4vddvtsmvtiqa2 foreign key (owner) references owner
2025-08-29T17:46:06.895-04:00  INFO 17492 --- [           main] j.LocalContainerEntityManagerFactoryBean : Initialized JPA EntityManagerFactory for persistence unit 'default'
2025-08-29T17:46:06.918-04:00  INFO 17492 --- [           main] c.packt.cardatabase.OwnerRepositoryTest  : Started OwnerRepositoryTest in 0.177 seconds (process running for 5.812)
Hibernate: select next value for app_user_seq
Hibernate: insert into app_user (password,role,username,id) values (?,?,?,?)
Hibernate: select next value for app_user_seq
Hibernate: insert into app_user (password,role,username,id) values (?,?,?,?)
Hibernate: insert into app_user (password,role,username,id) values (?,?,?,?)
Hibernate: insert into app_user (password,role,username,id) values (?,?,?,?)
Hibernate: select next value for owner_seq
Hibernate: select next value for owner_seq
Hibernate: insert into owner (first_name,last_name,owner_id) values (?,?,?)
Hibernate: insert into owner (first_name,last_name,owner_id) values (?,?,?)
Hibernate: select next value for car_seq
Hibernate: insert into car (brand,color,model,model_year,owner,price,registration_number,id) values (?,?,?,?,?,?,?,?)
Hibernate: select next value for car_seq
Hibernate: insert into car (brand,color,model,model_year,owner,price,registration_number,id) values (?,?,?,?,?,?,?,?)
Hibernate: insert into car (brand,color,model,model_year,owner,price,registration_number,id) values (?,?,?,?,?,?,?,?)
Hibernate: select c1_0.id,c1_0.brand,c1_0.color,c1_0.model,c1_0.model_year,c1_0.owner,c1_0.price,c1_0.registration_number from car c1_0
2025-08-29T17:46:06.933-04:00  INFO 17492 --- [           main] c.p.cardatabase.CardatabaseApplication   : brand: Ford, model: Mustang
2025-08-29T17:46:06.933-04:00  INFO 17492 --- [           main] c.p.cardatabase.CardatabaseApplication   : brand: Nissan, model: Leaf
2025-08-29T17:46:06.933-04:00  INFO 17492 --- [           main] c.p.cardatabase.CardatabaseApplication   : brand: Toyota, model: Prius
Hibernate: insert into owner (first_name,last_name,owner_id) values (?,?,?)
Hibernate: select o1_0.owner_id,o1_0.first_name,o1_0.last_name from owner o1_0
Hibernate: select c1_0.owner,c1_0.id,c1_0.brand,c1_0.color,c1_0.model,c1_0.model_year,c1_0.price,c1_0.registration_number from car c1_0 where c1_0.owner=?
Hibernate: select c1_0.owner,c1_0.id,c1_0.brand,c1_0.color,c1_0.model,c1_0.model_year,c1_0.price,c1_0.registration_number from car c1_0 where c1_0.owner=?
Hibernate: delete from car where id=?
Hibernate: delete from owner where owner_id=?
Hibernate: delete from car where id=?
Hibernate: delete from car where id=?
Hibernate: delete from owner where owner_id=?
Hibernate: delete from owner where owner_id=?
Hibernate: select count(*) from owner o1_0
]]></system-out>
  </testcase>
  <testcase name="saveOwner" classname="com.packt.cardatabase.OwnerRepositoryTest" time="0.005">
    <system-out><![CDATA[Hibernate: insert into owner (first_name,last_name,owner_id) values (?,?,?)
Hibernate: select o1_0.owner_id,o1_0.first_name,o1_0.last_name from owner o1_0 where o1_0.first_name=?
]]></system-out>
  </testcase>
</testsuite>